\BOOKMARK [0][-]{chapter*.1}{\376\377\004\022\004\062\004\065\004\064\004\065\004\075\004\070\004\065}{}% 1
\BOOKMARK [0][-]{chapter.1}{\376\377\004\020\004\075\004\060\004\073\004\070\004\102\004\070\004\107\004\065\004\101\004\072\004\070\004\071\000\040\004\100\004\060\004\067\004\064\004\065\004\073}{}% 2
\BOOKMARK [1][-]{section.1.1}{\376\377\000S\000M\000T\000P}{chapter.1}% 3
\BOOKMARK [2][-]{subsection.1.1.1}{\376\377\004\040\004\065\004\060\004\073\004\070\004\067\004\103\004\065\004\074\004\113\004\065\000\040\004\072\004\076\004\074\004\060\004\075\004\064\004\113\000\040\004\077\004\100\004\076\004\102\004\076\004\072\004\076\004\073\004\060\000\040\000S\000M\000T\000P}{section.1.1}% 4
\BOOKMARK [2][-]{subsection.1.1.2}{\376\377\004\034\004\065\004\102\004\076\004\064\000\040\004\074\004\076\004\075\004\070\004\102\004\076\004\100\004\070\004\075\004\063\004\060\000\040\004\101\004\065\004\102\004\065\004\062\004\113\004\105\000\040\004\101\004\076\004\061\004\113\004\102\004\070\004\071\000\040\000p\000s\000e\000l\000e\000c\000t}{section.1.1}% 5
\BOOKMARK [2][-]{subsection.1.1.3}{\376\377\000E\000R\000-\004\064\004\070\004\060\004\063\004\100\004\060\004\074\004\074\004\060\000\040\004\077\004\100\004\065\004\064\004\074\004\065\004\102\004\075\004\076\004\071\000\040\004\076\004\061\004\073\004\060\004\101\004\102\004\070}{section.1.1}% 6
\BOOKMARK [1][-]{section.1.2}{\376\377\004\024\004\076\004\101\004\102\004\076\004\070\004\075\004\101\004\102\004\062\004\060\000\040\004\070\000\040\004\075\004\065\004\064\004\076\004\101\004\102\004\060\004\102\004\072\004\070\000\040\004\100\004\065\004\060\004\073\004\070\004\067\004\103\004\065\004\074\004\076\004\071\000\040\004\060\004\100\004\105\004\070\004\102\004\065\004\072\004\102\004\103\004\100\004\113}{chapter.1}% 7
\BOOKMARK [2][-]{subsection.1.2.1}{\376\377\004\041\004\065\004\100\004\062\004\065\004\100\004\075\004\060\004\117\000\040\004\107\004\060\004\101\004\102\004\114\000\040\000S\000M\000T\000P\000\040\004\060\004\063\004\065\004\075\004\102\004\060}{section.1.2}% 8
\BOOKMARK [2][-]{subsection.1.2.2}{\376\377\004\032\004\073\004\070\004\065\004\075\004\102\004\101\004\072\004\060\004\117\000\040\004\107\004\060\004\101\004\102\004\114\000\040\000S\000M\000T\000P\000\040\004\060\004\063\004\065\004\075\004\102\004\060}{section.1.2}% 9
\BOOKMARK [0][-]{chapter.2}{\376\377\004\032\004\076\004\075\004\101\004\102\004\100\004\103\004\072\004\102\004\076\004\100\004\101\004\072\004\070\004\071\000\040\004\100\004\060\004\067\004\064\004\065\004\073}{}% 10
\BOOKMARK [1][-]{section.2.1}{\376\377\004\032\004\076\004\075\004\065\004\107\004\075\004\113\004\071\000\040\004\060\004\062\004\102\004\076\004\074\004\060\004\102\000\040\004\101\004\076\004\101\004\102\004\076\004\117\004\075\004\070\004\071\000\040\004\101\004\065\004\100\004\062\004\065\004\100\004\060}{chapter.2}% 11
\BOOKMARK [1][-]{section.2.2}{\376\377\004\041\004\070\004\075\004\102\004\060\004\072\004\101\004\070\004\101\000\040\004\072\004\076\004\074\004\060\004\075\004\064\000\040\004\077\004\100\004\076\004\102\004\076\004\072\004\076\004\073\004\060}{chapter.2}% 12
\BOOKMARK [1][-]{section.2.3}{\376\377\004\037\004\100\004\065\004\064\004\101\004\102\004\060\004\062\004\073\004\065\004\075\004\070\004\065\000\040\004\064\004\060\004\075\004\075\004\113\004\105\000\040\004\062\000\040\004\101\004\070\004\101\004\102\004\065\004\074\004\065}{chapter.2}% 13
\BOOKMARK [1][-]{section.2.4}{\376\377\004\036\004\061\004\100\004\060\004\061\004\076\004\102\004\072\004\060\000\040\004\101\004\076\004\065\004\064\004\070\004\075\004\065\004\075\004\070\004\071\000\040\004\062\000\040\004\076\004\064\004\075\004\076\004\074\000\040\004\077\004\076\004\102\004\076\004\072\004\065\000\040\004\062\004\113\004\077\004\076\004\073\004\075\004\065\004\075\004\070\004\117}{chapter.2}% 14
\BOOKMARK [1][-]{section.2.5}{\376\377\004\036\004\061\004\100\004\060\004\061\004\076\004\102\004\072\004\060\000\040\004\076\004\102\004\077\004\100\004\060\004\062\004\072\004\070\000\040\004\062\000\040\004\102\004\065\004\072\004\101\004\102\004\065\000\040\004\077\004\070\004\101\004\114\004\074\004\060\000\040\004\101\004\070\004\074\004\062\004\076\004\073\004\060\000\040\004\076\004\072\004\076\004\075\004\107\004\060\004\075\004\070\004\117\000\040\004\077\004\070\004\101\004\114\004\074\004\060}{chapter.2}% 15
\BOOKMARK [1][-]{section.2.6}{\376\377\004\036\004\101\004\103\004\111\004\065\004\101\004\102\004\062\004\073\004\065\004\075\004\070\004\065\000\040\004\066\004\103\004\100\004\075\004\060\004\073\004\070\004\100\004\076\004\062\004\060\004\075\004\070\004\117}{chapter.2}% 16
\BOOKMARK [1][-]{section.2.7}{\376\377\004\045\004\100\004\060\004\075\004\065\004\075\004\070\004\065\000\040\004\077\004\076\004\107\004\102\004\113}{chapter.2}% 17
\BOOKMARK [0][-]{chapter.3}{\376\377\004\042\004\065\004\105\004\075\004\076\004\073\004\076\004\063\004\070\004\107\004\065\004\101\004\072\004\070\004\071\000\040\004\100\004\060\004\067\004\064\004\065\004\073}{}% 18
\BOOKMARK [1][-]{section.3.1}{\376\377\004\022\004\113\004\061\004\076\004\100\000\040\004\117\004\067\004\113\004\072\004\060\000\040\004\070\000\040\004\061\004\070\004\061\004\073\004\070\004\076\004\102\004\065\004\072\000\040\004\064\004\073\004\117\000\040\004\100\004\060\004\067\004\100\004\060\004\061\004\076\004\102\004\072\004\070\000\040\004\072\004\073\004\070\004\065\004\075\004\102\004\060}{chapter.3}% 19
\BOOKMARK [1][-]{section.3.2}{\376\377\004\022\004\113\004\061\004\076\004\100\000\040\004\101\004\100\004\065\004\064\004\101\004\102\004\062\000\040\004\100\004\060\004\067\004\100\004\060\004\061\004\076\004\102\004\072\004\070}{chapter.3}% 20
\BOOKMARK [2][-]{subsection.3.2.1}{\376\377\004\037\004\100\004\076\004\063\004\100\004\060\004\074\004\074\004\075\004\076\004\065\000\040\004\076\004\061\004\065\004\101\004\077\004\065\004\107\004\065\004\075\004\070\004\065\000,\000\040\004\075\004\065\004\076\004\061\004\105\004\076\004\064\004\070\004\074\004\076\004\065\000\040\004\064\004\073\004\117\000\040\004\101\004\061\004\076\004\100\004\072\004\070\000\040\004\070\000\040\004\067\004\060\004\077\004\103\004\101\004\072\004\060}{section.3.2}% 21
\BOOKMARK [1][-]{section.3.3}{\376\377\004\041\004\061\004\076\004\100\004\072\004\060\000\040\004\077\004\100\004\076\004\063\004\100\004\060\004\074\004\074\004\113}{chapter.3}% 22
\BOOKMARK [2][-]{subsection.3.3.1}{\376\377\004\037\004\100\004\076\004\062\004\065\004\100\004\072\004\060\000\040\004\076\004\061\004\100\004\060\004\102\004\075\004\076\004\071\000\040\004\067\004\076\004\075\004\113\000\040\000d\000n\000s}{section.3.3}% 23
\BOOKMARK [2][-]{subsection.3.3.2}{\376\377\004\023\004\100\004\060\004\104\000\040\004\062\004\113\004\067\004\076\004\062\004\060\000\040\004\076\004\101\004\075\004\076\004\062\004\075\004\113\004\105\000\040\004\104\004\103\004\075\004\072\004\106\004\070\004\071\000\040\004\077\004\100\004\076\004\063\004\100\004\060\004\074\004\074\004\113}{section.3.3}% 24
\BOOKMARK [1][-]{section.3.4}{\376\377\004\042\004\065\004\101\004\102\004\070\004\100\004\076\004\062\004\060\004\075\004\070\004\065}{chapter.3}% 25
\BOOKMARK [0][-]{Item.32}{\376\377\004\022\004\113\004\062\004\076\004\064\004\113}{}% 26
\BOOKMARK [1][-]{section.3.5}{\376\377\004\041\004\065\004\100\004\062\004\065\004\100\004\075\004\060\004\117\000\040\004\107\004\060\004\101\004\102\004\114\000\040\000S\000M\000T\000P\000\040\004\060\004\063\004\065\004\075\004\102\004\060}{Item.32}% 27
\BOOKMARK [1][-]{section.3.5}{\376\377\004\041\004\077\004\070\004\101\004\076\004\072\000\040\004\073\004\070\004\102\004\065\004\100\004\060\004\102\004\103\004\100\004\113}{Item.32}% 28
