This is pdfTeX, Version 3.14159265-2.6-1.40.20 (TeX Live 2019/Debian) (preloaded format=pdflatex 2021.10.2)  7 FEB 2022 19:11
entering extended mode
 restricted \write18 enabled.
 %&-line parsing enabled.
**re_cmnd_noop.tex
(./re_cmnd_noop.tex
LaTeX2e <2020-02-02> patch level 2
L3 programming layer <2020-02-14>

! LaTeX Error: Missing \begin{document}.

See the LaTeX manual or LaTeX Companion for explanation.
Type  H <return>  for immediate help.
 ...                                              
                                                  
l.1 ...[Oo][Pp]\textbackslash{}r\textbackslash{}n}
                                                  
You're in trouble here.  Try typing  <return>  to proceed.
If that doesn't work, type  X <return>  to quit.

LaTeX Font Info:    Trying to load font information for OMS+cmtt on input line 
1.
LaTeX Font Info:    No file OMScmtt.fd. on input line 1.

LaTeX Font Warning: Font shape `OMS/cmtt/m/n' undefined
(Font)              using `OMS/cmsy/m/n' instead
(Font)              for symbol `textbackslash' on input line 1.

)
! Emergency stop.
<*> re_cmnd_noop.tex
                    
*** (job aborted, no legal \end found)

 
Here is how much of TeX's memory you used:
 27 strings out of 482616
 520 string characters out of 5956823
 232658 words of memory out of 5000000
 15161 multiletter control sequences out of 15000+600000
 532506 words of font info for 25 fonts, out of 8000000 for 9000
 452 hyphenation exceptions out of 8191
 17i,1n,15p,107b,136s stack positions out of 5000i,500n,10000p,200000b,80000s
!  ==> Fatal error occurred, no output PDF file produced!
